<?xml version="1.0" encoding="UTF-8"?>
<!-- Generated by org.testng.reporters.JUnitXMLReporter -->
<testsuite ignored="0" hostname="DESKTOP-B7L0VAU" failures="0" tests="3" name="Default test" time="34.198" errors="0" timestamp="26 May 2023 17:27:12 GMT">
  <testcase classname="TestNG.loginDemo" name="VerifyLogin" time="4.448"/>
  <testcase classname="TestNG.loginDemo" name="VerifyTitle" time="3.013"/>
  <testcase classname="TestNG.loginDemo" name="verfiyUrl" time="2.011"/>
</testsuite> <!-- Default test -->
