<?xml version="1.0" encoding="UTF-8"?>
<testng-results ignored="0" total="3" passed="3" failed="0" skipped="0">
  <reporter-output>
  </reporter-output>
  <suite started-at="2023-05-26T17:26:38Z" name="Default suite" finished-at="2023-05-26T17:27:12Z" duration-ms="34198">
    <groups>
    </groups>
    <test started-at="2023-05-26T17:26:38Z" name="Default test" finished-at="2023-05-26T17:27:12Z" duration-ms="34198">
      <class name="TestNG.loginDemo">
        <test-method is-config="true" signature="setup()[pri:0, instance:TestNG.loginDemo@795509d9]" started-at="2023-05-26T17:26:38Z" name="setup" finished-at="2023-05-26T17:26:45Z" duration-ms="6927" status="PASS">
          <reporter-output>
          </reporter-output>
        </test-method> <!-- setup -->
        <test-method signature="VerifyLogin()[pri:0, instance:TestNG.loginDemo@795509d9]" started-at="2023-05-26T17:26:45Z" name="VerifyLogin" finished-at="2023-05-26T17:26:49Z" duration-ms="4448" status="PASS">
          <reporter-output>
          </reporter-output>
        </test-method> <!-- VerifyLogin -->
        <test-method is-config="true" signature="teardown()[pri:0, instance:TestNG.loginDemo@795509d9]" started-at="2023-05-26T17:26:49Z" name="teardown" finished-at="2023-05-26T17:26:51Z" duration-ms="2174" status="PASS">
          <reporter-output>
          </reporter-output>
        </test-method> <!-- teardown -->
        <test-method is-config="true" signature="setup()[pri:0, instance:TestNG.loginDemo@795509d9]" started-at="2023-05-26T17:26:51Z" name="setup" finished-at="2023-05-26T17:26:57Z" duration-ms="5730" status="PASS">
          <reporter-output>
          </reporter-output>
        </test-method> <!-- setup -->
        <test-method signature="VerifyTitle()[pri:0, instance:TestNG.loginDemo@795509d9]" started-at="2023-05-26T17:26:57Z" name="VerifyTitle" finished-at="2023-05-26T17:27:00Z" duration-ms="3013" status="PASS">
          <reporter-output>
          </reporter-output>
        </test-method> <!-- VerifyTitle -->
        <test-method is-config="true" signature="teardown()[pri:0, instance:TestNG.loginDemo@795509d9]" started-at="2023-05-26T17:27:00Z" name="teardown" finished-at="2023-05-26T17:27:02Z" duration-ms="2137" status="PASS">
          <reporter-output>
          </reporter-output>
        </test-method> <!-- teardown -->
        <test-method is-config="true" signature="setup()[pri:0, instance:TestNG.loginDemo@795509d9]" started-at="2023-05-26T17:27:02Z" name="setup" finished-at="2023-05-26T17:27:08Z" duration-ms="5573" status="PASS">
          <reporter-output>
          </reporter-output>
        </test-method> <!-- setup -->
        <test-method signature="verfiyUrl()[pri:0, instance:TestNG.loginDemo@795509d9]" started-at="2023-05-26T17:27:08Z" name="verfiyUrl" finished-at="2023-05-26T17:27:10Z" duration-ms="2011" status="PASS">
          <reporter-output>
          </reporter-output>
        </test-method> <!-- verfiyUrl -->
        <test-method is-config="true" signature="teardown()[pri:0, instance:TestNG.loginDemo@795509d9]" started-at="2023-05-26T17:27:10Z" name="teardown" finished-at="2023-05-26T17:27:12Z" duration-ms="2155" status="PASS">
          <reporter-output>
          </reporter-output>
        </test-method> <!-- teardown -->
      </class> <!-- TestNG.loginDemo -->
    </test> <!-- Default test -->
  </suite> <!-- Default suite -->
</testng-results>
